<?xml version="1.0" encoding="UTF-8"?>
<!-- Generated by org.testng.reporters.JUnitXMLReporter -->
<testsuite ignored="0" hostname="Pranav" failures="0" tests="2" name="Default test" time="48.152" errors="0" timestamp="2022-01-22T01:24:27 IST">
  <testcase classname="EndToEndProject.Selenium_Testng_Framework.Verify_Login" name="Browser_launch" time="22.53"/>
  <testcase classname="EndToEndProject.Selenium_Testng_Framework.Verify_Login" name="Browser_launch" time="25.56"/>
</testsuite> <!-- Default test -->
