<?xml version="1.0" encoding="UTF-8"?>
<testng-results ignored="0" total="2" passed="2" failed="0" skipped="0">
  <reporter-output>
  </reporter-output>
  <suite started-at="2022-01-22T01:23:38 IST" name="Default suite" finished-at="2022-01-22T01:24:26 IST" duration-ms="48152">
    <groups>
    </groups>
    <test started-at="2022-01-22T01:23:38 IST" name="Default test" finished-at="2022-01-22T01:24:26 IST" duration-ms="48152">
      <class name="EndToEndProject.Selenium_Testng_Framework.Verify_Login">
        <test-method signature="Browser_launch(java.lang.String,java.lang.String)[pri:0, instance:EndToEndProject.Selenium_Testng_Framework.Verify_Login@1b2abca6]" started-at="2022-01-22T01:23:38 IST" name="Browser_launch" data-provider="Getdata" finished-at="2022-01-22T01:24:01 IST" duration-ms="22530" status="PASS">
          <params>
            <param index="0">
              <value>
                <![CDATA[Test1]]>
              </value>
            </param>
            <param index="1">
              <value>
                <![CDATA[1234]]>
              </value>
            </param>
          </params>
          <reporter-output>
          </reporter-output>
        </test-method> <!-- Browser_launch -->
        <test-method signature="Browser_launch(java.lang.String,java.lang.String)[pri:0, instance:EndToEndProject.Selenium_Testng_Framework.Verify_Login@1b2abca6]" started-at="2022-01-22T01:24:01 IST" name="Browser_launch" data-provider="Getdata" finished-at="2022-01-22T01:24:26 IST" duration-ms="25560" status="PASS">
          <params>
            <param index="0">
              <value>
                <![CDATA[Test2]]>
              </value>
            </param>
            <param index="1">
              <value>
                <![CDATA[5678]]>
              </value>
            </param>
          </params>
          <reporter-output>
          </reporter-output>
        </test-method> <!-- Browser_launch -->
      </class> <!-- EndToEndProject.Selenium_Testng_Framework.Verify_Login -->
    </test> <!-- Default test -->
  </suite> <!-- Default suite -->
</testng-results>
